

/*
	Generated by the Particle Editor.
	To use the particle editor, launch the game and type 'editParticles' on the console.
*/
particle skybox_clouds {
	bounds	-667.384 -667.384 -605.234 667.384 667.384 406.455
	{
		count				60
		material			textures/particles/skybox_clouds
		time				30.000
		cycles				0.000
		bunching			1.000
		distribution		cylinder 410.000 410.000 0.000 0.000 
		direction			outward "0.000" 
		orientation			view 
		speed				 0.000 

		size				 150.000 

		aspect				 1.000 

		rotation				 5.000 

		randomDistribution				1
		boundsExpansion				0.000
		fadeIn				0.500
		fadeOut				0.500
		fadeIndex				0.000
		color 				0.200 0.250 0.400 0.350
		fadeColor 			0.000 0.000 0.000 0.000
		offset 				0.000 0.000 0.000
		gravity 			world 0.000
		lowSkippable		1
	}
	{
		count				20
		material			textures/particles/skybox_clouds
		time				30.000
		cycles				0.000
		bunching			1.000
		distribution		cylinder 250.000 250.000 0.000 0.000 
		direction			outward "0.000" 
		orientation			view 
		speed				 0.000 

		size				 150.000 

		aspect				 1.000 

		rotation				 5.000 

		randomDistribution				1
		boundsExpansion				0.000
		fadeIn				0.500
		fadeOut				0.500
		fadeIndex				0.000
		color 				0.200 0.250 0.400 0.350
		fadeColor 			0.000 0.000 0.000 0.000
		offset 				0.000 0.000 0.000
		gravity 			world 0.000
		lowSkippable		1
	}
	{
		count				50
		material			textures/particles/skybox_clouds2
		time				30.000
		cycles				0.000
		bunching			1.000
		distribution		cylinder 360.000 360.000 0.000 0.000 
		direction			outward "0.000" 
		orientation			view 
		speed				 0.000 

		size				 150.000 

		aspect				 1.000 

		rotation				 5.000 

		randomDistribution				1
		boundsExpansion				0.000
		fadeIn				0.500
		fadeOut				0.500
		fadeIndex				0.000
		color 				0.300 0.380 0.650 0.300
		fadeColor 			0.000 0.000 0.000 0.000
		offset 				0.000 0.000 -150.000
		gravity 			world 0.000
		lowSkippable		1
	}
	{
		count				35
		material			textures/particles/skybox_clouds2
		time				30.000
		cycles				0.000
		bunching			1.000
		distribution		cylinder 250.000 250.000 0.000 0.000 
		direction			outward "0.000" 
		orientation			view 
		speed				 0.000 

		size				 150.000 

		aspect				 1.000 

		rotation				 5.000 

		randomDistribution				1
		boundsExpansion				0.000
		fadeIn				0.500
		fadeOut				0.500
		fadeIndex				0.000
		color 				0.300 0.380 0.650 0.100
		fadeColor 			0.000 0.000 0.000 0.000
		offset 				0.000 0.000 -350.000
		gravity 			world 0.000
		lowSkippable		1
	}
	{
		count				20
		material			textures/particles/skybox_clouds2
		time				30.000
		cycles				0.000
		bunching			1.000
		distribution		cylinder 360.000 360.000 0.000 0.000 
		direction			outward "0.000" 
		orientation			view 
		speed				 0.000 

		size				 150.000 

		aspect				 1.000 

		rotation				 5.000 

		randomDistribution				1
		boundsExpansion				0.000
		fadeIn				0.500
		fadeOut				0.500
		fadeIndex				0.000
		color 				0.300 0.380 0.650 0.200
		fadeColor 			0.000 0.000 0.000 0.000
		offset 				0.000 0.000 150.000
		gravity 			world 0.000
		lowSkippable		1
	}
}

/*
	Generated by the Particle Editor.
	To use the particle editor, launch the game and type 'editParticles' on the console.
*/
particle sun {
	bounds	-2363.429 -2362.576 -2370.203 2362.881 2362.247 2355.907
	{
		count				10
		material			textures/particles/vortex3
		time				6.750
		cycles				0.000
		bunching			1.000
		distribution		sphere 80.000 80.000 80.000 
		direction			outward "0.000" 
		orientation			view 
		speed				 47.000  to -17.000 with 0.100
		size				 81.500  to 94.000 with 0.300
		aspect				 1.000  to 1.700
		rotation				 4.000  to 1.000 with 0.400
		randomDistribution				1
		boundsExpansion				0.000
		fadeIn				0.750
		fadeOut				1.000
		fadeIndex				0.200
		color 				0.420 0.140 0.030 1.000
		fadeColor 			0.000 0.000 0.000 0.000
		offset 				0.000 0.000 0.000
		gravity 			0.000
	}
	{
		count				10
		material			textures/particles/energy_blast
		time				8.500
		cycles				0.000
		bunching			0.950
		distribution		sphere 1.000 1.000 1.000 
		direction			outward "0.000" 
		orientation			view 
		speed				 0.000 

		size				 69.500  to 107.000 with 0.100
		aspect				 2.000  to 4.500 with 0.200
		randomDistribution				1
		boundsExpansion				0.000
		fadeIn				0.850
		fadeOut				1.000
		fadeIndex				0.150
		color 				0.190 0.060 0.010 1.000
		fadeColor 			0.000 0.000 0.000 0.000
		offset 				0.000 0.000 0.000
		gravity 			0.000
	}
	{
		count				40
		material			textures/particles/vortex3
		time				3.000
		cycles				0.000
		bunching			1.000
		distribution		sphere 100.000 100.000 100.000 
		direction			outward "0.000" 
		orientation			view 
		speed				 4.000  to -4.000 with 0.100
		size				 9.000  to 16.500 with 0.600
		aspect				 1.000  to 1.700 with 0.400
		rotation				 14.000  to 13.000 with 0.300
		randomDistribution				1
		boundsExpansion				0.000
		fadeIn				0.400
		fadeOut				0.800
		fadeIndex				0.000
		color 				0.920 0.350 0.000 1.000
		fadeColor 			0.000 0.000 0.000 0.000
		offset 				0.000 0.000 0.000
		gravity 			0.000
	}
}